# JRE version: OpenJDK Runtime Environment Temurin-21.0.9+10 (21.0.9+10) (build 21.0.9+10-LTS)
# Java VM: OpenJDK 64-Bit Server VM Temurin-21.0.9+10 (21.0.9+10-LTS, mixed mode, sharing, tiered, compressed oops, compressed class ptrs, parallel gc, windows-amd64)
GC Precious Log:
 CardTable entry size: 512
 CPUs: 8 total, 8 available
 Memory: 16238M
 Large Page Support: Disabled
 NUMA Support: Disabled
 Compressed Oops: Enabled (32-bit)
 Alignments: Space 512K, Generation 512K, Heap 2M
 Heap Min Capacity: 100M
 Heap Initial Capacity: 100M
 Heap Max Capacity: 2G
 Pre-touch: Disabled
 Parallel Workers: 8
Heap:
 PSYoungGen      total 22016K, used 13995K [0x00000000d5580000, 0x00000000d6f00000, 0x0000000100000000)
  eden space 21504K, 62% used [0x00000000d5580000,0x00000000d62ac1f8,0x00000000d6a80000)
  from space 512K, 98% used [0x00000000d6e80000,0x00000000d6efeaa8,0x00000000d6f00000)
  to   space 1024K, 0% used [0x00000000d6d00000,0x00000000d6d00000,0x00000000d6e00000)
 ParOldGen       total 68608K, used 35987K [0x0000000080000000, 0x0000000084300000, 0x00000000d5580000)
  object space 68608K, 52% used [0x0000000080000000,0x0000000082324ed8,0x0000000084300000)
 Metaspace       used 48677K, committed 50048K, reserved 1114112K
  class space    used 5296K, committed 5888K, reserved 1048576K
GC Heap History (20 events):
Event: 13.604 GC heap before
{Heap before GC invocations=17 (full 1):
 PSYoungGen      total 24064K, used 2552K [0x00000000d5580000, 0x00000000d7000000, 0x0000000100000000)
  eden space 22528K, 10% used [0x00000000d5580000,0x00000000d57c60d0,0x00000000d6b80000)
  from space 1536K, 14% used [0x00000000d6d00000,0x00000000d6d38000,0x00000000d6e80000)
  to   space 512K, 0% used [0x00000000d6f80000,0x00000000d6f80000,0x00000000d7000000)
 ParOldGen       total 68608K, used 20863K [0x0000000080000000, 0x0000000084300000, 0x00000000d5580000)
  object space 68608K, 30% used [0x0000000080000000,0x000000008145fe58,0x0000000084300000)
 Metaspace       used 35686K, committed 36800K, reserved 1114112K
  class space    used 3724K, committed 4224K, reserved 1048576K
}
Event: 13.606 GC heap after
{Heap after GC invocations=17 (full 1):
 PSYoungGen      total 23040K, used 272K [0x00000000d5580000, 0x00000000d7000000, 0x0000000100000000)
  eden space 22528K, 0% used [0x00000000d5580000,0x00000000d5580000,0x00000000d6b80000)
  from space 512K, 53% used [0x00000000d6f80000,0x00000000d6fc4010,0x00000000d7000000)
  to   space 512K, 0% used [0x00000000d6f00000,0x00000000d6f00000,0x00000000d6f80000)
 ParOldGen       total 68608K, used 20919K [0x0000000080000000, 0x0000000084300000, 0x00000000d5580000)
  object space 68608K, 30% used [0x0000000080000000,0x000000008146de58,0x0000000084300000)
 Metaspace       used 35686K, committed 36800K, reserved 1114112K
  class space    used 3724K, committed 4224K, reserved 1048576K
}
Event: 13.607 GC heap before
{Heap before GC invocations=18 (full 2):
 PSYoungGen      total 23040K, used 272K [0x00000000d5580000, 0x00000000d7000000, 0x0000000100000000)
  eden space 22528K, 0% used [0x00000000d5580000,0x00000000d5580000,0x00000000d6b80000)
  from space 512K, 53% used [0x00000000d6f80000,0x00000000d6fc4010,0x00000000d7000000)
  to   space 512K, 0% used [0x00000000d6f00000,0x00000000d6f00000,0x00000000d6f80000)
 ParOldGen       total 68608K, used 20919K [0x0000000080000000, 0x0000000084300000, 0x00000000d5580000)
  object space 68608K, 30% used [0x0000000080000000,0x000000008146de58,0x0000000084300000)
 Metaspace       used 35686K, committed 36800K, reserved 1114112K
  class space    used 3724K, committed 4224K, reserved 1048576K
}
Event: 13.654 GC heap after
{Heap after GC invocations=18 (full 2):
 PSYoungGen      total 23040K, used 0K [0x00000000d5580000, 0x00000000d7000000, 0x0000000100000000)
  eden space 22528K, 0% used [0x00000000d5580000,0x00000000d5580000,0x00000000d6b80000)
  from space 512K, 0% used [0x00000000d6f80000,0x00000000d6f80000,0x00000000d7000000)
  to   space 512K, 0% used [0x00000000d6f00000,0x00000000d6f00000,0x00000000d6f80000)
 ParOldGen       total 68608K, used 19413K [0x0000000080000000, 0x0000000084300000, 0x00000000d5580000)
  object space 68608K, 28% used [0x0000000080000000,0x00000000812f56c0,0x0000000084300000)
 Metaspace       used 35686K, committed 36800K, reserved 1114112K
  class space    used 3724K, committed 4224K, reserved 1048576K
}
Event: 14.012 GC heap before
{Heap before GC invocations=19 (full 2):
 PSYoungGen      total 23040K, used 22528K [0x00000000d5580000, 0x00000000d7000000, 0x0000000100000000)
  eden space 22528K, 100% used [0x00000000d5580000,0x00000000d6b80000,0x00000000d6b80000)
  from space 512K, 0% used [0x00000000d6f80000,0x00000000d6f80000,0x00000000d7000000)
  to   space 512K, 0% used [0x00000000d6f00000,0x00000000d6f00000,0x00000000d6f80000)
 ParOldGen       total 68608K, used 19413K [0x0000000080000000, 0x0000000084300000, 0x00000000d5580000)
  object space 68608K, 28% used [0x0000000080000000,0x00000000812f56c0,0x0000000084300000)
 Metaspace       used 37853K, committed 39104K, reserved 1114112K
  class space    used 4019K, committed 4544K, reserved 1048576K
}
Event: 14.016 GC heap after
{Heap after GC invocations=19 (full 2):
 PSYoungGen      total 22528K, used 512K [0x00000000d5580000, 0x00000000d7000000, 0x0000000100000000)
  eden space 22016K, 0% used [0x00000000d5580000,0x00000000d5580000,0x00000000d6b00000)
  from space 512K, 100% used [0x00000000d6f00000,0x00000000d6f80000,0x00000000d6f80000)
  to   space 512K, 0% used [0x00000000d6f80000,0x00000000d6f80000,0x00000000d7000000)
 ParOldGen       total 68608K, used 20970K [0x0000000080000000, 0x0000000084300000, 0x00000000d5580000)
  object space 68608K, 30% used [0x0000000080000000,0x000000008147ab38,0x0000000084300000)
 Metaspace       used 37853K, committed 39104K, reserved 1114112K
  class space    used 4019K, committed 4544K, reserved 1048576K
}
Event: 14.466 GC heap before
{Heap before GC invocations=20 (full 2):
 PSYoungGen      total 22528K, used 22528K [0x00000000d5580000, 0x00000000d7000000, 0x0000000100000000)
  eden space 22016K, 100% used [0x00000000d5580000,0x00000000d6b00000,0x00000000d6b00000)
  from space 512K, 100% used [0x00000000d6f00000,0x00000000d6f80000,0x00000000d6f80000)
  to   space 512K, 0% used [0x00000000d6f80000,0x00000000d6f80000,0x00000000d7000000)
 ParOldGen       total 68608K, used 20970K [0x0000000080000000, 0x0000000084300000, 0x00000000d5580000)
  object space 68608K, 30% used [0x0000000080000000,0x000000008147ab38,0x0000000084300000)
 Metaspace       used 40406K, committed 41600K, reserved 1114112K
  class space    used 4333K, committed 4864K, reserved 1048576K
}
Event: 14.472 GC heap after
{Heap after GC invocations=20 (full 2):
 PSYoungGen      total 22528K, used 512K [0x00000000d5580000, 0x00000000d7000000, 0x0000000100000000)
  eden space 22016K, 0% used [0x00000000d5580000,0x00000000d5580000,0x00000000d6b00000)
  from space 512K, 100% used [0x00000000d6f80000,0x00000000d7000000,0x00000000d7000000)
  to   space 2048K, 0% used [0x00000000d6c00000,0x00000000d6c00000,0x00000000d6e00000)
 ParOldGen       total 68608K, used 22199K [0x0000000080000000, 0x0000000084300000, 0x00000000d5580000)
  object space 68608K, 32% used [0x0000000080000000,0x00000000815adc78,0x0000000084300000)
 Metaspace       used 40406K, committed 41600K, reserved 1114112K
  class space    used 4333K, committed 4864K, reserved 1048576K
}
Event: 15.142 GC heap before
{Heap before GC invocations=21 (full 2):
 PSYoungGen      total 22528K, used 22528K [0x00000000d5580000, 0x00000000d7000000, 0x0000000100000000)
  eden space 22016K, 100% used [0x00000000d5580000,0x00000000d6b00000,0x00000000d6b00000)
  from space 512K, 100% used [0x00000000d6f80000,0x00000000d7000000,0x00000000d7000000)
  to   space 2048K, 0% used [0x00000000d6c00000,0x00000000d6c00000,0x00000000d6e00000)
 ParOldGen       total 68608K, used 22199K [0x0000000080000000, 0x0000000084300000, 0x00000000d5580000)
  object space 68608K, 32% used [0x0000000080000000,0x00000000815adc78,0x0000000084300000)
 Metaspace       used 42216K, committed 43456K, reserved 1114112K
  class space    used 4543K, committed 5056K, reserved 1048576K
}
Event: 15.148 GC heap after
{Heap after GC invocations=21 (full 2):
 PSYoungGen      total 24064K, used 2048K [0x00000000d5580000, 0x00000000d7800000, 0x0000000100000000)
  eden space 22016K, 0% used [0x00000000d5580000,0x00000000d5580000,0x00000000d6b00000)
  from space 2048K, 100% used [0x00000000d6c00000,0x00000000d6e00000,0x00000000d6e00000)
  to   space 6656K, 0% used [0x00000000d7180000,0x00000000d7180000,0x00000000d7800000)
 ParOldGen       total 68608K, used 25945K [0x0000000080000000, 0x0000000084300000, 0x00000000d5580000)
  object space 68608K, 37% used [0x0000000080000000,0x00000000819564a0,0x0000000084300000)
 Metaspace       used 42216K, committed 43456K, reserved 1114112K
  class space    used 4543K, committed 5056K, reserved 1048576K
}
Event: 15.630 GC heap before
{Heap before GC invocations=22 (full 2):
 PSYoungGen      total 24064K, used 24064K [0x00000000d5580000, 0x00000000d7800000, 0x0000000100000000)
  eden space 22016K, 100% used [0x00000000d5580000,0x00000000d6b00000,0x00000000d6b00000)
  from space 2048K, 100% used [0x00000000d6c00000,0x00000000d6e00000,0x00000000d6e00000)
  to   space 6656K, 0% used [0x00000000d7180000,0x00000000d7180000,0x00000000d7800000)
 ParOldGen       total 68608K, used 25945K [0x0000000080000000, 0x0000000084300000, 0x00000000d5580000)
  object space 68608K, 37% used [0x0000000080000000,0x00000000819564a0,0x0000000084300000)
 Metaspace       used 44044K, committed 45312K, reserved 1114112K
  class space    used 4791K, committed 5376K, reserved 1048576K
}
Event: 15.636 GC heap after
{Heap after GC invocations=22 (full 2):
 PSYoungGen      total 28160K, used 6576K [0x00000000d5580000, 0x00000000d7900000, 0x0000000100000000)
  eden space 21504K, 0% used [0x00000000d5580000,0x00000000d5580000,0x00000000d6a80000)
  from space 6656K, 98% used [0x00000000d7180000,0x00000000d77ec010,0x00000000d7800000)
  to   space 7168K, 0% used [0x00000000d6a80000,0x00000000d6a80000,0x00000000d7180000)
 ParOldGen       total 68608K, used 27852K [0x0000000080000000, 0x0000000084300000, 0x00000000d5580000)
  object space 68608K, 40% used [0x0000000080000000,0x0000000081b332a8,0x0000000084300000)
 Metaspace       used 44044K, committed 45312K, reserved 1114112K
  class space    used 4791K, committed 5376K, reserved 1048576K
}
Event: 16.244 GC heap before
{Heap before GC invocations=23 (full 2):
 PSYoungGen      total 28160K, used 28080K [0x00000000d5580000, 0x00000000d7900000, 0x0000000100000000)
  eden space 21504K, 100% used [0x00000000d5580000,0x00000000d6a80000,0x00000000d6a80000)
  from space 6656K, 98% used [0x00000000d7180000,0x00000000d77ec010,0x00000000d7800000)
  to   space 7168K, 0% used [0x00000000d6a80000,0x00000000d6a80000,0x00000000d7180000)
 ParOldGen       total 68608K, used 27852K [0x0000000080000000, 0x0000000084300000, 0x00000000d5580000)
  object space 68608K, 40% used [0x0000000080000000,0x0000000081b332a8,0x0000000084300000)
 Metaspace       used 46334K, committed 47616K, reserved 1114112K
  class space    used 5078K, committed 5632K, reserved 1048576K
}
Event: 16.254 GC heap after
{Heap after GC invocations=23 (full 2):
 PSYoungGen      total 23040K, used 1371K [0x00000000d5580000, 0x00000000d7200000, 0x0000000100000000)
  eden space 21504K, 0% used [0x00000000d5580000,0x00000000d5580000,0x00000000d6a80000)
  from space 1536K, 89% used [0x00000000d6a80000,0x00000000d6bd6ea8,0x00000000d6c00000)
  to   space 3584K, 0% used [0x00000000d6e80000,0x00000000d6e80000,0x00000000d7200000)
 ParOldGen       total 68608K, used 34333K [0x0000000080000000, 0x0000000084300000, 0x00000000d5580000)
  object space 68608K, 50% used [0x0000000080000000,0x0000000082187628,0x0000000084300000)
 Metaspace       used 46334K, committed 47616K, reserved 1114112K
  class space    used 5078K, committed 5632K, reserved 1048576K
}
Event: 18.168 GC heap before
{Heap before GC invocations=24 (full 2):
 PSYoungGen      total 23040K, used 22875K [0x00000000d5580000, 0x00000000d7200000, 0x0000000100000000)
  eden space 21504K, 100% used [0x00000000d5580000,0x00000000d6a80000,0x00000000d6a80000)
  from space 1536K, 89% used [0x00000000d6a80000,0x00000000d6bd6ea8,0x00000000d6c00000)
  to   space 3584K, 0% used [0x00000000d6e80000,0x00000000d6e80000,0x00000000d7200000)
 ParOldGen       total 68608K, used 34333K [0x0000000080000000, 0x0000000084300000, 0x00000000d5580000)
  object space 68608K, 50% used [0x0000000080000000,0x0000000082187628,0x0000000084300000)
 Metaspace       used 46705K, committed 47936K, reserved 1114112K
  class space    used 5103K, committed 5632K, reserved 1048576K
}
Event: 18.171 GC heap after
{Heap after GC invocations=24 (full 2):
 PSYoungGen      total 22016K, used 224K [0x00000000d5580000, 0x00000000d6f00000, 0x0000000100000000)
  eden space 21504K, 0% used [0x00000000d5580000,0x00000000d5580000,0x00000000d6a80000)
  from space 512K, 43% used [0x00000000d6e80000,0x00000000d6eb8000,0x00000000d6f00000)
  to   space 1024K, 0% used [0x00000000d6d00000,0x00000000d6d00000,0x00000000d6e00000)
 ParOldGen       total 68608K, used 35584K [0x0000000080000000, 0x0000000084300000, 0x00000000d5580000)
  object space 68608K, 51% used [0x0000000080000000,0x00000000822c0368,0x0000000084300000)
 Metaspace       used 46705K, committed 47936K, reserved 1114112K
  class space    used 5103K, committed 5632K, reserved 1048576K
}
Event: 19.603 GC heap before
{Heap before GC invocations=25 (full 2):
 PSYoungGen      total 22016K, used 21728K [0x00000000d5580000, 0x00000000d6f00000, 0x0000000100000000)
  eden space 21504K, 100% used [0x00000000d5580000,0x00000000d6a80000,0x00000000d6a80000)
  from space 512K, 43% used [0x00000000d6e80000,0x00000000d6eb8000,0x00000000d6f00000)
  to   space 1024K, 0% used [0x00000000d6d00000,0x00000000d6d00000,0x00000000d6e00000)
 ParOldGen       total 68608K, used 35584K [0x0000000080000000, 0x0000000084300000, 0x00000000d5580000)
  object space 68608K, 51% used [0x0000000080000000,0x00000000822c0368,0x0000000084300000)
 Metaspace       used 46774K, committed 48000K, reserved 1114112K
  class space    used 5112K, committed 5632K, reserved 1048576K
}
Event: 19.606 GC heap after
{Heap after GC invocations=25 (full 2):
 PSYoungGen      total 22528K, used 384K [0x00000000d5580000, 0x00000000d6f00000, 0x0000000100000000)
  eden space 21504K, 0% used [0x00000000d5580000,0x00000000d5580000,0x00000000d6a80000)
  from space 1024K, 37% used [0x00000000d6d00000,0x00000000d6d60000,0x00000000d6e00000)
  to   space 512K, 0% used [0x00000000d6e80000,0x00000000d6e80000,0x00000000d6f00000)
 ParOldGen       total 68608K, used 35656K [0x0000000080000000, 0x0000000084300000, 0x00000000d5580000)
  object space 68608K, 51% used [0x0000000080000000,0x00000000822d2368,0x0000000084300000)
 Metaspace       used 46774K, committed 48000K, reserved 1114112K
  class space    used 5112K, committed 5632K, reserved 1048576K
}
Event: 21.187 GC heap before
{Heap before GC invocations=26 (full 2):
 PSYoungGen      total 22528K, used 21866K [0x00000000d5580000, 0x00000000d6f00000, 0x0000000100000000)
  eden space 21504K, 99% used [0x00000000d5580000,0x00000000d6a7a918,0x00000000d6a80000)
  from space 1024K, 37% used [0x00000000d6d00000,0x00000000d6d60000,0x00000000d6e00000)
  to   space 512K, 0% used [0x00000000d6e80000,0x00000000d6e80000,0x00000000d6f00000)
 ParOldGen       total 68608K, used 35656K [0x0000000080000000, 0x0000000084300000, 0x00000000d5580000)
  object space 68608K, 51% used [0x0000000080000000,0x00000000822d2368,0x0000000084300000)
 Metaspace       used 47332K, committed 48576K, reserved 1114112K
  class space    used 5162K, committed 5696K, reserved 1048576K
}
Event: 21.190 GC heap after
{Heap after GC invocations=26 (full 2):
 PSYoungGen      total 22016K, used 506K [0x00000000d5580000, 0x00000000d6f00000, 0x0000000100000000)
  eden space 21504K, 0% used [0x00000000d5580000,0x00000000d5580000,0x00000000d6a80000)
  from space 512K, 98% used [0x00000000d6e80000,0x00000000d6efeaa8,0x00000000d6f00000)
  to   space 1024K, 0% used [0x00000000d6d00000,0x00000000d6d00000,0x00000000d6e00000)
 ParOldGen       total 68608K, used 35987K [0x0000000080000000, 0x0000000084300000, 0x00000000d5580000)
  object space 68608K, 52% used [0x0000000080000000,0x0000000082324ed8,0x0000000084300000)
 Metaspace       used 47332K, committed 48576K, reserved 1114112K
  class space    used 5162K, committed 5696K, reserved 1048576K
}

